2023-08-06 04:12:59.258071 - Initialized conversion of CBT464
2023-08-06 04:13:00.012662 - Received CBT.V505.FILE464.PDS from FILE464.XMI 
2023-08-06 04:13:00.015097 - Found $$$#DATE.txt (text/plain) in CBT.V505.FILE464.PDS, moved to PDS/$$$#DATE
2023-08-06 04:13:00.016293 - Found #DOC.txt (text/plain) in CBT.V505.FILE464.PDS, moved to PDS/#DOC
2023-08-06 04:13:00.017389 - Found @.txt (text/plain) in CBT.V505.FILE464.PDS, moved to PDS/@
2023-08-06 04:13:00.018411 - Found @BROWSE.txt (text/plain) in CBT.V505.FILE464.PDS, moved to PDS/@BROWSE
2023-08-06 04:13:00.019382 - Found @DISPLAY.txt (text/plain) in CBT.V505.FILE464.PDS, moved to PDS/@DISPLAY
2023-08-06 04:13:00.020267 - Found @EDIT.txt (text/plain) in CBT.V505.FILE464.PDS, moved to PDS/@EDIT
2023-08-06 04:13:00.021193 - Found @FILE464.txt (text/plain) in CBT.V505.FILE464.PDS, moved to PDS/@FILE464
2023-08-06 04:13:00.022189 - Found @FTCLOSE.txt (text/plain) in CBT.V505.FILE464.PDS, moved to PDS/@FTCLOSE
2023-08-06 04:13:00.023090 - Found @FTERASE.txt (text/plain) in CBT.V505.FILE464.PDS, moved to PDS/@FTERASE
2023-08-06 04:13:00.023949 - Found @FTINCL.txt (text/plain) in CBT.V505.FILE464.PDS, moved to PDS/@FTINCL
2023-08-06 04:13:00.024831 - Found @FTOPEN.txt (text/plain) in CBT.V505.FILE464.PDS, moved to PDS/@FTOPEN
2023-08-06 04:13:00.025701 - Found @GETMSG.txt (text/plain) in CBT.V505.FILE464.PDS, moved to PDS/@GETMSG
2023-08-06 04:13:00.026583 - Found @LOG.txt (text/plain) in CBT.V505.FILE464.PDS, moved to PDS/@LOG
2023-08-06 04:13:00.027513 - Found @SETMSG.txt (text/plain) in CBT.V505.FILE464.PDS, moved to PDS/@SETMSG
2023-08-06 04:13:00.028407 - Found @TBADD.txt (text/plain) in CBT.V505.FILE464.PDS, moved to PDS/@TBADD
2023-08-06 04:13:00.029329 - Found @TBBOTTO.txt (text/plain) in CBT.V505.FILE464.PDS, moved to PDS/@TBBOTTO
2023-08-06 04:13:00.030292 - Found @TBCLOSE.txt (text/plain) in CBT.V505.FILE464.PDS, moved to PDS/@TBCLOSE
2023-08-06 04:13:00.031213 - Found @TBCREAT.txt (text/plain) in CBT.V505.FILE464.PDS, moved to PDS/@TBCREAT
2023-08-06 04:13:00.032213 - Found @TBDISPL.txt (text/plain) in CBT.V505.FILE464.PDS, moved to PDS/@TBDISPL
2023-08-06 04:13:00.033212 - Found @TBERASE.txt (text/plain) in CBT.V505.FILE464.PDS, moved to PDS/@TBERASE
2023-08-06 04:13:00.034212 - Found @TBGET.txt (text/plain) in CBT.V505.FILE464.PDS, moved to PDS/@TBGET
2023-08-06 04:13:00.035183 - Found @TBMOD.txt (text/plain) in CBT.V505.FILE464.PDS, moved to PDS/@TBMOD
2023-08-06 04:13:00.036051 - Found @TBOPEN.txt (text/plain) in CBT.V505.FILE464.PDS, moved to PDS/@TBOPEN
2023-08-06 04:13:00.037024 - Found @TBPUT.txt (text/plain) in CBT.V505.FILE464.PDS, moved to PDS/@TBPUT
2023-08-06 04:13:00.038011 - Found @TBQUERY.txt (text/plain) in CBT.V505.FILE464.PDS, moved to PDS/@TBQUERY
2023-08-06 04:13:00.038958 - Found @TBSARG.txt (text/plain) in CBT.V505.FILE464.PDS, moved to PDS/@TBSARG
2023-08-06 04:13:00.039842 - Found @TBSAVE.txt (text/plain) in CBT.V505.FILE464.PDS, moved to PDS/@TBSAVE
2023-08-06 04:13:00.040784 - Found @TBSCAN.txt (text/plain) in CBT.V505.FILE464.PDS, moved to PDS/@TBSCAN
2023-08-06 04:13:00.041652 - Found @TBSKIP.txt (text/plain) in CBT.V505.FILE464.PDS, moved to PDS/@TBSKIP
2023-08-06 04:13:00.042663 - Found BROWSE.txt (text/plain) in CBT.V505.FILE464.PDS, moved to PDS/BROWSE
2023-08-06 04:13:00.043610 - Found CONTROL.txt (text/plain) in CBT.V505.FILE464.PDS, moved to PDS/CONTROL
2023-08-06 04:13:00.044511 - Found DISPLAY.txt (text/plain) in CBT.V505.FILE464.PDS, moved to PDS/DISPLAY
2023-08-06 04:13:00.045443 - Found EDIT.txt (text/plain) in CBT.V505.FILE464.PDS, moved to PDS/EDIT
2023-08-06 04:13:00.046296 - Found EDREC.txt (text/plain) in CBT.V505.FILE464.PDS, moved to PDS/EDREC
2023-08-06 04:13:00.047188 - Found FTCLOSE.txt (text/plain) in CBT.V505.FILE464.PDS, moved to PDS/FTCLOSE
2023-08-06 04:13:00.048034 - Found FTERASE.txt (text/plain) in CBT.V505.FILE464.PDS, moved to PDS/FTERASE
2023-08-06 04:13:00.048901 - Found FTINCL.txt (text/plain) in CBT.V505.FILE464.PDS, moved to PDS/FTINCL
2023-08-06 04:13:00.049892 - Found FTOPEN.txt (text/plain) in CBT.V505.FILE464.PDS, moved to PDS/FTOPEN
2023-08-06 04:13:00.050895 - Found GETMSG.txt (text/plain) in CBT.V505.FILE464.PDS, moved to PDS/GETMSG
2023-08-06 04:13:00.051757 - Found GRTERM.txt (text/plain) in CBT.V505.FILE464.PDS, moved to PDS/GRTERM
2023-08-06 04:13:00.052613 - Found ISPEXEC.txt (text/plain) in CBT.V505.FILE464.PDS, moved to PDS/ISPEXEC
2023-08-06 04:13:00.053620 - Found ISPF.txt (text/plain) in CBT.V505.FILE464.PDS, moved to PDS/ISPF
2023-08-06 04:13:00.054529 - Found ISPFREST.txt (text/plain) in CBT.V505.FILE464.PDS, moved to PDS/ISPFREST
2023-08-06 04:13:00.055514 - Found ISPFSUPP.txt (text/plain) in CBT.V505.FILE464.PDS, moved to PDS/ISPFSUPP
2023-08-06 04:13:00.056497 - Found ISREDIT.txt (text/plain) in CBT.V505.FILE464.PDS, moved to PDS/ISREDIT
2023-08-06 04:13:00.057544 - Found LMCLOSE.txt (text/plain) in CBT.V505.FILE464.PDS, moved to PDS/LMCLOSE
2023-08-06 04:13:00.058539 - Found LMERASE.txt (text/plain) in CBT.V505.FILE464.PDS, moved to PDS/LMERASE
2023-08-06 04:13:00.059441 - Found LMFREE.txt (text/plain) in CBT.V505.FILE464.PDS, moved to PDS/LMFREE
2023-08-06 04:13:00.060311 - Found LMGET.txt (text/plain) in CBT.V505.FILE464.PDS, moved to PDS/LMGET
2023-08-06 04:13:00.061209 - Found LMINIT.txt (text/plain) in CBT.V505.FILE464.PDS, moved to PDS/LMINIT
2023-08-06 04:13:00.062202 - Found LMMADD.txt (text/plain) in CBT.V505.FILE464.PDS, moved to PDS/LMMADD
2023-08-06 04:13:00.063175 - Found LMMDEL.txt (text/plain) in CBT.V505.FILE464.PDS, moved to PDS/LMMDEL
2023-08-06 04:13:00.064113 - Found LMMFIND.txt (text/plain) in CBT.V505.FILE464.PDS, moved to PDS/LMMFIND
2023-08-06 04:13:00.065056 - Found LMMLIST.txt (text/plain) in CBT.V505.FILE464.PDS, moved to PDS/LMMLIST
2023-08-06 04:13:00.065958 - Found LMMREN.txt (text/plain) in CBT.V505.FILE464.PDS, moved to PDS/LMMREN
2023-08-06 04:13:00.066955 - Found LMMREP.txt (text/plain) in CBT.V505.FILE464.PDS, moved to PDS/LMMREP
2023-08-06 04:13:00.067944 - Found LMOPEN.txt (text/plain) in CBT.V505.FILE464.PDS, moved to PDS/LMOPEN
2023-08-06 04:13:00.068876 - Found LMPUT.txt (text/plain) in CBT.V505.FILE464.PDS, moved to PDS/LMPUT
2023-08-06 04:13:00.069874 - Found LMQUERY.txt (text/plain) in CBT.V505.FILE464.PDS, moved to PDS/LMQUERY
2023-08-06 04:13:00.070825 - Found LOG.txt (text/plain) in CBT.V505.FILE464.PDS, moved to PDS/LOG
2023-08-06 04:13:00.071827 - Found SELECT.txt (text/plain) in CBT.V505.FILE464.PDS, moved to PDS/SELECT
2023-08-06 04:13:00.072795 - Found SETMSG.txt (text/plain) in CBT.V505.FILE464.PDS, moved to PDS/SETMSG
2023-08-06 04:13:00.073782 - Found TBADD.txt (text/plain) in CBT.V505.FILE464.PDS, moved to PDS/TBADD
2023-08-06 04:13:00.074723 - Found TBBOTTOM.txt (text/plain) in CBT.V505.FILE464.PDS, moved to PDS/TBBOTTOM
2023-08-06 04:13:00.075605 - Found TBCLOSE.txt (text/plain) in CBT.V505.FILE464.PDS, moved to PDS/TBCLOSE
2023-08-06 04:13:00.076459 - Found TBCREATE.txt (text/plain) in CBT.V505.FILE464.PDS, moved to PDS/TBCREATE
2023-08-06 04:13:00.077292 - Found TBDELETE.txt (text/plain) in CBT.V505.FILE464.PDS, moved to PDS/TBDELETE
2023-08-06 04:13:00.078232 - Found TBDISPL.txt (text/plain) in CBT.V505.FILE464.PDS, moved to PDS/TBDISPL
2023-08-06 04:13:00.079132 - Found TBEND.txt (text/plain) in CBT.V505.FILE464.PDS, moved to PDS/TBEND
2023-08-06 04:13:00.080049 - Found TBERASE.txt (text/plain) in CBT.V505.FILE464.PDS, moved to PDS/TBERASE
2023-08-06 04:13:00.080980 - Found TBEXIST.txt (text/plain) in CBT.V505.FILE464.PDS, moved to PDS/TBEXIST
2023-08-06 04:13:00.081923 - Found TBGET.txt (text/plain) in CBT.V505.FILE464.PDS, moved to PDS/TBGET
2023-08-06 04:13:00.082820 - Found TBMOD.txt (text/plain) in CBT.V505.FILE464.PDS, moved to PDS/TBMOD
2023-08-06 04:13:00.083724 - Found TBOPEN.txt (text/plain) in CBT.V505.FILE464.PDS, moved to PDS/TBOPEN
2023-08-06 04:13:00.084645 - Found TBPUT.txt (text/plain) in CBT.V505.FILE464.PDS, moved to PDS/TBPUT
2023-08-06 04:13:00.085500 - Found TBQUERY.txt (text/plain) in CBT.V505.FILE464.PDS, moved to PDS/TBQUERY
2023-08-06 04:13:00.086388 - Found TBSARG.txt (text/plain) in CBT.V505.FILE464.PDS, moved to PDS/TBSARG
2023-08-06 04:13:00.087327 - Found TBSAVE.txt (text/plain) in CBT.V505.FILE464.PDS, moved to PDS/TBSAVE
2023-08-06 04:13:00.088270 - Found TBSCAN.txt (text/plain) in CBT.V505.FILE464.PDS, moved to PDS/TBSCAN
2023-08-06 04:13:00.089229 - Found TBSKIP.txt (text/plain) in CBT.V505.FILE464.PDS, moved to PDS/TBSKIP
2023-08-06 04:13:00.090209 - Found TBSORT.txt (text/plain) in CBT.V505.FILE464.PDS, moved to PDS/TBSORT
2023-08-06 04:13:00.091095 - Found TBSTATS.txt (text/plain) in CBT.V505.FILE464.PDS, moved to PDS/TBSTATS
2023-08-06 04:13:00.092075 - Found TBTOP.txt (text/plain) in CBT.V505.FILE464.PDS, moved to PDS/TBTOP
2023-08-06 04:13:00.093069 - Found TBVCLEAR.txt (text/plain) in CBT.V505.FILE464.PDS, moved to PDS/TBVCLEAR
2023-08-06 04:13:00.093958 - Found TPUTE.txt (text/plain) in CBT.V505.FILE464.PDS, moved to PDS/TPUTE
2023-08-06 04:13:00.094930 - Found VCOPY.txt (text/plain) in CBT.V505.FILE464.PDS, moved to PDS/VCOPY
2023-08-06 04:13:00.095881 - Found VDEFINE.txt (text/plain) in CBT.V505.FILE464.PDS, moved to PDS/VDEFINE
2023-08-06 04:13:00.096800 - Found VDELETE.txt (text/plain) in CBT.V505.FILE464.PDS, moved to PDS/VDELETE
2023-08-06 04:13:00.097748 - Found VGET.txt (text/plain) in CBT.V505.FILE464.PDS, moved to PDS/VGET
2023-08-06 04:13:00.098663 - Found VPUT.txt (text/plain) in CBT.V505.FILE464.PDS, moved to PDS/VPUT
2023-08-06 04:13:00.099597 - Found VREPLACE.txt (text/plain) in CBT.V505.FILE464.PDS, moved to PDS/VREPLACE
2023-08-06 04:13:00.100505 - Found VRESET.txt (text/plain) in CBT.V505.FILE464.PDS, moved to PDS/VRESET
